app/build/outputs/logs/manifest-merger-debug-report.txt
-- Merging decision tree log ---
manifest
ADDED from src/main/AndroidManifest.xml:2:1-172:12
	package
		ADDED from src/main/AndroidManifest.xml:3:5-52
		INJECTED from src/main/AndroidManifest.xml
		INJECTED from src/main/AndroidManifest.xml
	android:versionName
		INJECTED from src/main/AndroidManifest.xml
		INJECTED from src/main/AndroidManifest.xml
	xmlns:android
		ADDED from src/main/AndroidManifest.xml:2:11-69
	android:versionCode
		INJECTED from src/main/AndroidManifest.xml
		INJECTED from src/main/AndroidManifest.xml
uses-sdk
ADDED from src/main/AndroidManifest.xml:5:5-7:41
MERGED from [com.android.support:appcompat-v7:23.0.1] AndroidManifest.xml:20:5-43
MERGED from [com.android.support:support-v4:23.0.1] AndroidManifest.xml:20:5-43
MERGED from [com.github.bmelnychuk:atv:1.2.7] AndroidManifest.xml:8:5-10:41
MERGED from [com.android.support:appcompat-v7:23.0.1] AndroidManifest.xml:20:5-43
MERGED from [com.android.support:support-v4:23.0.1] AndroidManifest.xml:20:5-43
MERGED from [com.android.support:cardview-v7:23.0.1] AndroidManifest.xml:20:5-43
MERGED from [com.android.support:recyclerview-v7:23.0.1] AndroidManifest.xml:20:5-43
MERGED from [com.android.support:support-v4:23.0.1] AndroidManifest.xml:20:5-43
MERGED from [com.android.support:design:23.0.1] AndroidManifest.xml:20:5-43
MERGED from [com.android.support:support-v4:23.0.1] AndroidManifest.xml:20:5-43
MERGED from [com.android.support:appcompat-v7:23.0.1] AndroidManifest.xml:20:5-43
MERGED from [com.android.support:support-v4:23.0.1] AndroidManifest.xml:20:5-43
	android:targetSdkVersion
		ADDED from src/main/AndroidManifest.xml:7:9-38
		INJECTED from src/main/AndroidManifest.xml
		INJECTED from src/main/AndroidManifest.xml
	android:minSdkVersion
		ADDED from src/main/AndroidManifest.xml:6:9-34
		INJECTED from src/main/AndroidManifest.xml
		INJECTED from src/main/AndroidManifest.xml
uses-permission#android.permission.WRITE_EXTERNAL_STORAGE
ADDED from src/main/AndroidManifest.xml:9:5-81
	android:name
		ADDED from src/main/AndroidManifest.xml:9:22-78
uses-permission#android.permission.READ_EXTERNAL_STORAGE
ADDED from src/main/AndroidManifest.xml:10:5-80
	android:name
		ADDED from src/main/AndroidManifest.xml:10:22-77
uses-permission#android.permission.INTERNET
ADDED from src/main/AndroidManifest.xml:11:5-67
	android:name
		ADDED from src/main/AndroidManifest.xml:11:22-64
uses-permission#android.permission.ACCESS_NETWORK_STATE
ADDED from src/main/AndroidManifest.xml:12:5-79
	android:name
		ADDED from src/main/AndroidManifest.xml:12:22-76
uses-permission#android.permission.READ_PHONE_STATE
ADDED from src/main/AndroidManifest.xml:13:5-75
	android:name
		ADDED from src/main/AndroidManifest.xml:13:22-72
uses-permission#android.permission.DOWNLOAD_WITHOUT_NOTIFICATION
ADDED from src/main/AndroidManifest.xml:14:5-88
	android:name
		ADDED from src/main/AndroidManifest.xml:14:22-85
uses-permission#android.permission.CAMERA
ADDED from src/main/AndroidManifest.xml:15:5-65
	android:name
		ADDED from src/main/AndroidManifest.xml:15:22-62
uses-feature#android.hardware.camera
ADDED from src/main/AndroidManifest.xml:17:5-60
	android:name
		ADDED from src/main/AndroidManifest.xml:17:19-57
uses-feature#android.hardware.camera.autofocus
ADDED from src/main/AndroidManifest.xml:18:5-70
	android:name
		ADDED from src/main/AndroidManifest.xml:18:19-67
application
ADDED from src/main/AndroidManifest.xml:20:5-170:19
MERGED from [com.android.support:appcompat-v7:23.0.1] AndroidManifest.xml:22:5-20
MERGED from [com.android.support:support-v4:23.0.1] AndroidManifest.xml:22:5-20
MERGED from [com.github.bmelnychuk:atv:1.2.7] AndroidManifest.xml:12:5-20
MERGED from [com.android.support:appcompat-v7:23.0.1] AndroidManifest.xml:22:5-20
MERGED from [com.android.support:support-v4:23.0.1] AndroidManifest.xml:22:5-20
MERGED from [com.android.support:cardview-v7:23.0.1] AndroidManifest.xml:22:5-20
MERGED from [com.android.support:support-v4:23.0.1] AndroidManifest.xml:22:5-20
MERGED from [com.android.support:design:23.0.1] AndroidManifest.xml:22:5-20
MERGED from [com.android.support:support-v4:23.0.1] AndroidManifest.xml:22:5-20
MERGED from [com.android.support:appcompat-v7:23.0.1] AndroidManifest.xml:22:5-20
MERGED from [com.android.support:support-v4:23.0.1] AndroidManifest.xml:22:5-20
	android:label
		ADDED from src/main/AndroidManifest.xml:23:9-41
	android:allowBackup
		ADDED from src/main/AndroidManifest.xml:21:9-35
	android:icon
		ADDED from src/main/AndroidManifest.xml:22:9-43
	android:theme
		ADDED from src/main/AndroidManifest.xml:24:9-40
activity#com.example.trishudey.hubsystemhelper.Activities.main.LoginPage
ADDED from src/main/AndroidManifest.xml:25:9-33:20
	android:label
		ADDED from src/main/AndroidManifest.xml:27:13-45
	android:name
		ADDED from src/main/AndroidManifest.xml:26:13-54
intent-filter#android.intent.action.MAIN+android.intent.category.LAUNCHER
ADDED from src/main/AndroidManifest.xml:28:13-32:29
action#android.intent.action.MAIN
ADDED from src/main/AndroidManifest.xml:29:17-69
	android:name
		ADDED from src/main/AndroidManifest.xml:29:25-66
category#android.intent.category.LAUNCHER
ADDED from src/main/AndroidManifest.xml:31:17-77
	android:name
		ADDED from src/main/AndroidManifest.xml:31:27-74
activity#com.example.trishudey.hubsystemhelper.Activities.main.Options_Page_Admin
ADDED from src/main/AndroidManifest.xml:34:9-38:20
	android:label
		ADDED from src/main/AndroidManifest.xml:36:13-39
	android:theme
		ADDED from src/main/AndroidManifest.xml:37:13-56
	android:name
		ADDED from src/main/AndroidManifest.xml:35:13-63
activity#com.example.trishudey.hubsystemhelper.Activities.services.create.CreateHubActivity
ADDED from src/main/AndroidManifest.xml:39:9-42:20
	android:label
		ADDED from src/main/AndroidManifest.xml:41:13-62
	android:name
		ADDED from src/main/AndroidManifest.xml:40:13-73
activity#com.example.trishudey.hubsystemhelper.Activities.services.sortation.SortationRule
ADDED from src/main/AndroidManifest.xml:43:9-46:20
	android:label
		ADDED from src/main/AndroidManifest.xml:45:13-66
	android:name
		ADDED from src/main/AndroidManifest.xml:44:13-72
activity#com.example.trishudey.hubsystemhelper.Activities.services.sortation.SortationFactor
ADDED from src/main/AndroidManifest.xml:47:9-50:20
	android:label
		ADDED from src/main/AndroidManifest.xml:49:13-68
	android:name
		ADDED from src/main/AndroidManifest.xml:48:13-74
activity#com.example.trishudey.hubsystemhelper.Activities.services.create.BusinessPartner
ADDED from src/main/AndroidManifest.xml:51:9-54:20
	android:label
		ADDED from src/main/AndroidManifest.xml:53:13-68
	android:name
		ADDED from src/main/AndroidManifest.xml:52:13-71
activity#com.example.trishudey.hubsystemhelper.Activities.services.hub.HubActivity
ADDED from src/main/AndroidManifest.xml:55:9-58:20
	android:label
		ADDED from src/main/AndroidManifest.xml:57:13-55
	android:name
		ADDED from src/main/AndroidManifest.xml:56:13-64
activity#com.example.trishudey.hubsystemhelper.Activities.services.accounts.ManageAccounts
ADDED from src/main/AndroidManifest.xml:59:9-62:20
	android:label
		ADDED from src/main/AndroidManifest.xml:61:13-67
	android:name
		ADDED from src/main/AndroidManifest.xml:60:13-72
activity#com.example.trishudey.hubsystemhelper.Activities.services.hub.HubPage
ADDED from src/main/AndroidManifest.xml:63:9-66:20
	android:label
		ADDED from src/main/AndroidManifest.xml:65:13-60
	android:name
		ADDED from src/main/AndroidManifest.xml:64:13-60
activity#com.example.trishudey.hubsystemhelper.Activities.services.processingAreas.HubElements
ADDED from src/main/AndroidManifest.xml:67:9-70:20
	android:label
		ADDED from src/main/AndroidManifest.xml:69:13-64
	android:name
		ADDED from src/main/AndroidManifest.xml:68:13-76
activity#com.example.trishudey.hubsystemhelper.Activities.services.processingAreas.HubSubProcessingAreas
ADDED from src/main/AndroidManifest.xml:71:9-74:20
	android:label
		ADDED from src/main/AndroidManifest.xml:73:13-76
	android:name
		ADDED from src/main/AndroidManifest.xml:72:13-86
activity#com.example.trishudey.hubsystemhelper.Activities.services.processingAreas.AddProcessingArea
ADDED from src/main/AndroidManifest.xml:75:9-78:20
	android:label
		ADDED from src/main/AndroidManifest.xml:77:13-71
	android:name
		ADDED from src/main/AndroidManifest.xml:76:13-82
activity#com.example.trishudey.hubsystemhelper.Activities.services.resources.ShowResource
ADDED from src/main/AndroidManifest.xml:79:9-82:20
	android:label
		ADDED from src/main/AndroidManifest.xml:81:13-64
	android:name
		ADDED from src/main/AndroidManifest.xml:80:13-71
activity#com.example.trishudey.hubsystemhelper.Activities.services.resources.AddResourceContent
ADDED from src/main/AndroidManifest.xml:83:9-86:20
	android:label
		ADDED from src/main/AndroidManifest.xml:85:13-72
	android:name
		ADDED from src/main/AndroidManifest.xml:84:13-77
activity#com.example.trishudey.hubsystemhelper.Activities.services.resources.MoveResource
ADDED from src/main/AndroidManifest.xml:87:9-90:20
	android:label
		ADDED from src/main/AndroidManifest.xml:89:13-65
	android:name
		ADDED from src/main/AndroidManifest.xml:88:13-71
activity#com.example.trishudey.hubsystemhelper.Activities.services.hub.Facilities
ADDED from src/main/AndroidManifest.xml:114:9-117:20
	android:label
		ADDED from src/main/AndroidManifest.xml:116:13-62
	android:name
		ADDED from src/main/AndroidManifest.xml:115:13-63
activity#com.example.trishudey.hubsystemhelper.Activities.services.hub.Show_Options_Facilities
ADDED from src/main/AndroidManifest.xml:118:9-121:20
	android:label
		ADDED from src/main/AndroidManifest.xml:120:13-77
	android:name
		ADDED from src/main/AndroidManifest.xml:119:13-76
activity#com.example.trishudey.hubsystemhelper.Activities.services.service.Service
ADDED from src/main/AndroidManifest.xml:122:9-125:20
	android:label
		ADDED from src/main/AndroidManifest.xml:124:13-59
	android:name
		ADDED from src/main/AndroidManifest.xml:123:13-64
activity#com.example.trishudey.hubsystemhelper.Activities.services.service.AddService
ADDED from src/main/AndroidManifest.xml:126:9-129:20
	android:label
		ADDED from src/main/AndroidManifest.xml:128:13-63
	android:name
		ADDED from src/main/AndroidManifest.xml:127:13-67
activity#com.example.trishudey.hubsystemhelper.Activities.services.service.GetService
ADDED from src/main/AndroidManifest.xml:130:9-133:20
	android:label
		ADDED from src/main/AndroidManifest.xml:132:13-63
	android:name
		ADDED from src/main/AndroidManifest.xml:131:13-67
activity#com.example.trishudey.hubsystemhelper.Activities.services.service.RemoveService
ADDED from src/main/AndroidManifest.xml:134:9-137:20
	android:label
		ADDED from src/main/AndroidManifest.xml:136:13-66
	android:name
		ADDED from src/main/AndroidManifest.xml:135:13-70
activity#com.example.trishudey.hubsystemhelper.Activities.main.Options_Page_User
ADDED from src/main/AndroidManifest.xml:138:9-141:20
	android:label
		ADDED from src/main/AndroidManifest.xml:140:13-71
	android:name
		ADDED from src/main/AndroidManifest.xml:139:13-62
activity#com.example.trishudey.hubsystemhelper.Activities.services.hub.Config
ADDED from src/main/AndroidManifest.xml:142:9-145:20
	android:label
		ADDED from src/main/AndroidManifest.xml:144:13-58
	android:name
		ADDED from src/main/AndroidManifest.xml:143:13-59
activity#com.example.trishudey.hubsystemhelper.Activities.services.hub.Show_Config
ADDED from src/main/AndroidManifest.xml:146:9-149:20
	android:label
		ADDED from src/main/AndroidManifest.xml:148:13-64
	android:name
		ADDED from src/main/AndroidManifest.xml:147:13-64
activity#com.example.trishudey.hubsystemhelper.Activities.services.resources.AllResources
ADDED from src/main/AndroidManifest.xml:150:9-153:20
	android:label
		ADDED from src/main/AndroidManifest.xml:152:13-65
	android:name
		ADDED from src/main/AndroidManifest.xml:151:13-71
activity#com.example.trishudey.hubsystemhelper.Activities.main.PieChart
ADDED from src/main/AndroidManifest.xml:154:9-157:20
	android:label
		ADDED from src/main/AndroidManifest.xml:156:13-61
	android:name
		ADDED from src/main/AndroidManifest.xml:155:13-53
activity#com.example.trishudey.hubsystemhelper.Activities.services.hub.D3
ADDED from src/main/AndroidManifest.xml:158:9-161:20
	android:label
		ADDED from src/main/AndroidManifest.xml:160:13-54
	android:name
		ADDED from src/main/AndroidManifest.xml:159:13-55
activity#com.example.trishudey.hubsystemhelper.Activities.services.processingAreas.NextProcessingArea
ADDED from src/main/AndroidManifest.xml:162:9-165:20
	android:label
		ADDED from src/main/AndroidManifest.xml:164:13-72
	android:name
		ADDED from src/main/AndroidManifest.xml:163:13-83
activity#com.example.trishudey.hubsystemhelper.Activities.services.processingAreas.ShowNextArea
ADDED from src/main/AndroidManifest.xml:166:9-169:20
	android:label
		ADDED from src/main/AndroidManifest.xml:168:13-66
	android:name
		ADDED from src/main/AndroidManifest.xml:167:13-77